# JRE version: OpenJDK Runtime Environment Temurin-21.0.7+6 (21.0.7+6) (build 21.0.7+6-LTS)
# Java VM: OpenJDK 64-Bit Server VM Temurin-21.0.7+6 (21.0.7+6-LTS, mixed mode, sharing, tiered, compressed oops, compressed class ptrs, g1 gc, bsd-aarch64)
GC Precious Log:
 CardTable entry size: 512
 Card Set container configuration: InlinePtr #cards 4 size 8 Array Of Cards #cards 32 size 80 Howl #buckets 8 coarsen threshold 7372 Howl Bitmap #cards 1024 size 144 coarsen threshold 921 Card regions per heap region 1 cards per card region 8192
 CPUs: 12 total, 12 available
 Memory: 18432M
 Large Page Support: Disabled
 NUMA Support: Disabled
 Compressed Oops: Enabled (Zero based)
 Heap Region Size: 4M
 Heap Min Capacity: 8M
 Heap Initial Capacity: 288M
 Heap Max Capacity: 4608M
 Pre-touch: Disabled
 Parallel Workers: 10
 Concurrent Workers: 3
 Concurrent Refinement Workers: 10
 Periodic GC: Disabled
Heap:
 garbage-first heap   total 299008K, used 20876K [0x00000006e0000000, 0x0000000800000000)
  region size 4096K, 6 young (24576K), 4 survivors (16384K)
 Metaspace       used 16004K, committed 16384K, reserved 1114112K
  class space    used 2072K, committed 2240K, reserved 1048576K
GC Heap History (16 events):
Event: 0.221 GC heap before
{Heap before GC invocations=0 (full 0):
 garbage-first heap   total 299008K, used 21536K [0x00000006e0000000, 0x0000000800000000)
  region size 4096K, 5 young (20480K), 0 survivors (0K)
 Metaspace       used 5069K, committed 5312K, reserved 1114112K
  class space    used 599K, committed 704K, reserved 1048576K
}
Event: 0.222 GC heap after
{Heap after GC invocations=1 (full 0):
 garbage-first heap   total 299008K, used 3448K [0x00000006e0000000, 0x0000000800000000)
  region size 4096K, 1 young (4096K), 1 survivors (4096K)
 Metaspace       used 5069K, committed 5312K, reserved 1114112K
  class space    used 599K, committed 704K, reserved 1048576K
}
Event: 2.971 GC heap before
{Heap before GC invocations=1 (full 0):
 garbage-first heap   total 299008K, used 40312K [0x00000006e0000000, 0x0000000800000000)
  region size 4096K, 12 young (49152K), 1 survivors (4096K)
 Metaspace       used 13196K, committed 13440K, reserved 1114112K
  class space    used 1814K, committed 1920K, reserved 1048576K
}
Event: 2.973 GC heap after
{Heap after GC invocations=2 (full 0):
 garbage-first heap   total 299008K, used 12851K [0x00000006e0000000, 0x0000000800000000)
  region size 4096K, 3 young (12288K), 3 survivors (12288K)
 Metaspace       used 13196K, committed 13440K, reserved 1114112K
  class space    used 1814K, committed 1920K, reserved 1048576K
}
Event: 5.037 GC heap before
{Heap before GC invocations=2 (full 0):
 garbage-first heap   total 299008K, used 250419K [0x00000006e0000000, 0x0000000800000000)
  region size 4096K, 18 young (73728K), 3 survivors (12288K)
 Metaspace       used 14417K, committed 14784K, reserved 1114112K
  class space    used 1969K, committed 2176K, reserved 1048576K
}
Event: 5.039 GC heap after
{Heap after GC invocations=3 (full 0):
 garbage-first heap   total 299008K, used 12249K [0x00000006e0000000, 0x0000000800000000)
  region size 4096K, 3 young (12288K), 3 survivors (12288K)
 Metaspace       used 14417K, committed 14784K, reserved 1114112K
  class space    used 1969K, committed 2176K, reserved 1048576K
}
Event: 10.410 GC heap before
{Heap before GC invocations=3 (full 0):
 garbage-first heap   total 299008K, used 180185K [0x00000006e0000000, 0x0000000800000000)
  region size 4096K, 43 young (176128K), 3 survivors (12288K)
 Metaspace       used 14795K, committed 15168K, reserved 1114112K
  class space    used 1974K, committed 2176K, reserved 1048576K
}
Event: 10.411 GC heap after
{Heap after GC invocations=4 (full 0):
 garbage-first heap   total 299008K, used 11549K [0x00000006e0000000, 0x0000000800000000)
  region size 4096K, 2 young (8192K), 2 survivors (8192K)
 Metaspace       used 14795K, committed 15168K, reserved 1114112K
  class space    used 1974K, committed 2176K, reserved 1048576K
}
Event: 14.724 GC heap before
{Heap before GC invocations=4 (full 0):
 garbage-first heap   total 299008K, used 175389K [0x00000006e0000000, 0x0000000800000000)
  region size 4096K, 43 young (176128K), 2 survivors (8192K)
 Metaspace       used 14977K, committed 15360K, reserved 1114112K
  class space    used 1974K, committed 2176K, reserved 1048576K
}
Event: 14.725 GC heap after
{Heap after GC invocations=5 (full 0):
 garbage-first heap   total 299008K, used 11549K [0x00000006e0000000, 0x0000000800000000)
  region size 4096K, 2 young (8192K), 2 survivors (8192K)
 Metaspace       used 14977K, committed 15360K, reserved 1114112K
  class space    used 1974K, committed 2176K, reserved 1048576K
}
Event: 18.621 GC heap before
{Heap before GC invocations=5 (full 0):
 garbage-first heap   total 299008K, used 175389K [0x00000006e0000000, 0x0000000800000000)
  region size 4096K, 43 young (176128K), 2 survivors (8192K)
 Metaspace       used 15887K, committed 16256K, reserved 1114112K
  class space    used 2070K, committed 2240K, reserved 1048576K
}
Event: 18.623 GC heap after
{Heap after GC invocations=6 (full 0):
 garbage-first heap   total 299008K, used 13896K [0x00000006e0000000, 0x0000000800000000)
  region size 4096K, 3 young (12288K), 3 survivors (12288K)
 Metaspace       used 15887K, committed 16256K, reserved 1114112K
  class space    used 2070K, committed 2240K, reserved 1048576K
}
Event: 22.483 GC heap before
{Heap before GC invocations=6 (full 0):
 garbage-first heap   total 299008K, used 173640K [0x00000006e0000000, 0x0000000800000000)
  region size 4096K, 43 young (176128K), 3 survivors (12288K)
 Metaspace       used 15964K, committed 16320K, reserved 1114112K
  class space    used 2072K, committed 2240K, reserved 1048576K
}
Event: 22.484 GC heap after
{Heap after GC invocations=7 (full 0):
 garbage-first heap   total 299008K, used 14145K [0x00000006e0000000, 0x0000000800000000)
  region size 4096K, 3 young (12288K), 3 survivors (12288K)
 Metaspace       used 15964K, committed 16320K, reserved 1114112K
  class space    used 2072K, committed 2240K, reserved 1048576K
}
Event: 26.259 GC heap before
{Heap before GC invocations=7 (full 0):
 garbage-first heap   total 299008K, used 173889K [0x00000006e0000000, 0x0000000800000000)
  region size 4096K, 43 young (176128K), 3 survivors (12288K)
 Metaspace       used 15986K, committed 16320K, reserved 1114112K
  class space    used 2072K, committed 2240K, reserved 1048576K
}
Event: 26.261 GC heap after
{Heap after GC invocations=8 (full 0):
 garbage-first heap   total 299008K, used 16780K [0x00000006e0000000, 0x0000000800000000)
  region size 4096K, 4 young (16384K), 4 survivors (16384K)
 Metaspace       used 15986K, committed 16320K, reserved 1114112K
  class space    used 2072K, committed 2240K, reserved 1048576K
}

